\BOOKMARK [0][]{chapter.1}{Introduction}{}% 1
\BOOKMARK [0][]{chapter.2}{Theoretical and experimental basics}{}% 2
\BOOKMARK [1][]{section.2.1}{The Standard Model of Particle Physics}{chapter.2}% 3
\BOOKMARK [1][]{section.2.2}{The LHC and ATLAS}{chapter.2}% 4
\BOOKMARK [2][]{subsection.2.2.1}{The LHC}{section.2.2}% 5
\BOOKMARK [2][]{subsection.2.2.2}{The ATLAS Detector}{section.2.2}% 6
\BOOKMARK [2][]{subsection.2.2.3}{Tracking detectors}{section.2.2}% 7
\BOOKMARK [2][]{subsection.2.2.4}{Calorimeter}{section.2.2}% 8
\BOOKMARK [0][]{chapter.3}{Particle Flow Analysis on Run 2 data}{}% 9
\BOOKMARK [1][]{section.3.1}{The Particle Flow Algorithm}{chapter.3}% 10
\BOOKMARK [2][]{subsection.3.1.1}{Track selection}{section.3.1}% 11
\BOOKMARK [2][]{subsection.3.1.2}{Clustering}{section.3.1}% 12
\BOOKMARK [2][]{subsection.3.1.3}{Matching Track to Cluster}{section.3.1}% 13
\BOOKMARK [2][]{subsection.3.1.4}{Cell Subtraction}{section.3.1}% 14
\BOOKMARK [2][]{subsection.3.1.5}{Recent updates in eflowrec}{section.3.1}% 15
\BOOKMARK [1][]{section.3.2}{The analysis framework}{chapter.3}% 16
\BOOKMARK [1][]{section.3.3}{Calibration in Particle Flow and its difficulties at the time}{chapter.3}% 17
\BOOKMARK [0][]{chapter.4}{Results}{}% 18
\BOOKMARK [1][]{section.4.1}{Event Selection}{chapter.4}% 19
\BOOKMARK [0][]{chapter*.18}{Bibliography}{}% 20
\BOOKMARK [0][]{appendix.A}{Useful information}{}% 21
\BOOKMARK [0][]{chapter*.19}{List of Figures}{}% 22
\BOOKMARK [0][]{chapter*.20}{List of Tables}{}% 23
